Unable to capture context for thread 8864 in process 11276, can not generate back trace
Exception at PC 0x00007FF91E6CBB93
Printing stacktrace...

Exception at PC 0x00007FF93F613FB8
Exception at PC 0x00007FF93F613FB8
Exception at PC 0x00007FF93F613FB8
Exception at PC 0x00007FF93F613FB8
Exception at PC 0x00007FF93F613FB8
Exception at PC 0x00007FF93F613FB8
Exception at PC 0x00007FF93F613FB8
Exception at PC 0x00007FF93F613FB8
Exception at PC 0x00007FF93F613FB8
Exception at PC 0x00007FF93F613FB8
Exception at PC 0x00007FF93F613FB8
Exception at PC 0x00007FF93F613FB8
Exception at PC 0x00007FF93F613FB8
Exception at PC 0x00007FF93F613FB8
[0]  [0x00007FF91E6CBB93]
[1]  [0x00007FF91E6CBB93]
[2]  [0x00007FF91E6CB4A1]
[3]  [0x00007FF91E6CB3EF]
[4]  [0x00007FF91E6B19FE]
[5]  [0x00007FF91E6B0ED1]
[6]  [0x00007FF91E6B0D76]
[7]  [0x00007FF91E6579F6]
[8]  [0x00007FF91E647AFB]
[9]  [0x00007FF91E76E90A]
[10]  [0x00007FF91E789F87]
[11]  [0x00007FF91E78A05F]
[12] (BaseThreadInitThunk+0x14) [0x00007FF940AA1FE4]
[13] (RtlUserThreadStart+0x21) [0x00007FF94321EFB1]
Done
Exception at PC 0x00007FF93F613FB8
Exception at PC 0x00007FF93F613FB8
Exception at PC 0x00007FF93F613FB8
Exception at PC 0x00007FF93F613FB8
Exception at PC 0x00007FF93F613FB8
