Unable to capture context for thread 1540 in process 6104, can not generate back trace
Exception at PC 0x00007FFDA9C5BB93
Printing stacktrace...

Exception at PC 0x00007FFDD9AF3FB8
Exception at PC 0x00007FFDD9AF3FB8
Exception at PC 0x00007FFDD9AF3FB8
Exception at PC 0x00007FFDD9AF3FB8
Exception at PC 0x00007FFDD9AF3FB8
Exception at PC 0x00007FFDD9AF3FB8
Exception at PC 0x00007FFDD9AF3FB8
Exception at PC 0x00007FFDD9AF3FB8
Exception at PC 0x00007FFDD9AF3FB8
Exception at PC 0x00007FFDD9AF3FB8
Exception at PC 0x00007FFDD9AF3FB8
Exception at PC 0x00007FFDD9AF3FB8
Exception at PC 0x00007FFDD9AF3FB8
Exception at PC 0x00007FFDD9AF3FB8
Exception at PC 0x00007FFDD9AF3FB8
Exception at PC 0x00007FFDD9AF3FB8
Exception at PC 0x00007FFDD9AF3FB8
Exception at PC 0x00007FFDD9AF3FB8
Exception at PC 0x00007FFDD9AF3FB8
[0]  [0x00007FFDA9C5BB93]
[1]  [0x00007FFDA9C5BB93]
[2]  [0x00007FFDA9C5B4A1]
[3]  [0x00007FFDA9C5B3EF]
[4]  [0x00007FFDA9C419FE]
[5]  [0x00007FFDA9C40ED1]
[6]  [0x00007FFDA9C40D76]
[7]  [0x00007FFDA9BE79F6]
[8]  [0x00007FFDA9BD7AFB]
[9]  [0x00007FFDA9CFE90A]
[10]  [0x00007FFDA9D19F87]
[11]  [0x00007FFDA9D1A05F]
[12] (BaseThreadInitThunk+0x14) [0x00007FFDD9FD1FE4]
[13] (RtlUserThreadStart+0x21) [0x00007FFDDCB5EFB1]
Done
