Unable to capture context for thread 9708 in process 6428, can not generate back trace
Exception at PC 0x00007FFB7543BB93
Printing stacktrace...

Exception at PC 0x00007FFBD8EC3FB8
Exception at PC 0x00007FFBD8EC3FB8
Exception at PC 0x00007FFBD8EC3FB8
Exception at PC 0x00007FFBD8EC3FB8
Exception at PC 0x00007FFBD8EC3FB8
Exception at PC 0x00007FFBD8EC3FB8
Exception at PC 0x00007FFBD8EC3FB8
Exception at PC 0x00007FFBD8EC3FB8
Exception at PC 0x00007FFBD8EC3FB8
Exception at PC 0x00007FFBD8EC3FB8
Exception at PC 0x00007FFBD8EC3FB8
[0]  [0x00007FFB7543BB93]
[1]  [0x00007FFB7543BB93]
[2]  [0x00007FFB7543B4A1]
[3]  [0x00007FFB7543B3EF]
[4]  [0x00007FFB754219FE]
[5]  [0x00007FFB75420ED1]
[6]  [0x00007FFB75420D76]
[7]  [0x00007FFB753C79F6]
[8]  [0x00007FFB753B7AFB]
[9]  [0x00007FFB754DE90A]
[10]  [0x00007FFB754F9F87]
[11]  [0x00007FFB754FA05F]
[12] (BaseThreadInitThunk+0x14) [0x00007FFBD9B01FE4]
[13] (RtlUserThreadStart+0x21) [0x00007FFBDC52EFB1]
Done
Exception at PC 0x00007FFBD8EC3FB8
Exception at PC 0x00007FFBD8EC3FB8
Exception at PC 0x00007FFBD8EC3FB8
Exception at PC 0x00007FFBD8EC3FB8
Exception at PC 0x00007FFBD8EC3FB8
Exception at PC 0x00007FFBD8EC3FB8
Exception at PC 0x00007FFBD8EC3FB8
Exception at PC 0x00007FFBD8EC3FB8
