Exception at PC 0x00007FFFF1C7BB93
Printing stacktrace...

Exception at PC 0x00007FF81C693FB8
Exception at PC 0x00007FF81C693FB8
Exception at PC 0x00007FF81C693FB8
Exception at PC 0x00007FF81C693FB8
Exception at PC 0x00007FF81C693FB8
Exception at PC 0x00007FF81C693FB8
Exception at PC 0x00007FF81C693FB8
Exception at PC 0x00007FF81C693FB8
Exception at PC 0x00007FF81C693FB8
Exception at PC 0x00007FF81C693FB8
Exception at PC 0x00007FF81C693FB8
Exception at PC 0x00007FF81C693FB8
Exception at PC 0x00007FF81C693FB8
Exception at PC 0x00007FF81C693FB8
[0]  [0x00007FFFF1C7BB93]
[1]  [0x00007FFFF1C7BB93]
[2]  [0x00007FFFF1C7B4A1]
[3]  [0x00007FFFF1C7B3EF]
[4]  [0x00007FFFF1C619FE]
[5]  [0x00007FFFF1C60ED1]
[6]  [0x00007FFFF1C60D76]
[7]  [0x00007FFFF1C079F6]
[8]  [0x00007FFFF1BF7AFB]
[9]  [0x00007FFFF1D1E90A]
[10]  [0x00007FFFF1D39F87]
[11]  [0x00007FFFF1D3A05F]
[12] (BaseThreadInitThunk+0x14) [0x00007FF81EB71FE4]
[13] (RtlUserThreadStart+0x21) [0x00007FF81F6AEFB1]
Done
Exception at PC 0x00007FF81C693FB8
Exception at PC 0x00007FF81C693FB8
Exception at PC 0x00007FF81C693FB8
Exception at PC 0x00007FF81C693FB8
Exception at PC 0x00007FF81C693FB8
